<?xml version="1.0" encoding="UTF-8"?>
<!-- Generated by org.testng.reporters.JUnitXMLReporter -->
<testsuite ignored="0" hostname="DESKTOP-OTUACR1" failures="0" tests="5" name="Test" time="41.771" errors="0" timestamp="2023-07-20T10:50:58 IST">
  <testcase classname="BatchExecution_And_Before_And_After_Suite.BatchExecution1" name="acti" time="6.353"/>
  <testcase classname="BatchExecution_And_Before_And_After_Suite.BatchExecution1" name="csk" time="18.41"/>
  <testcase classname="BatchExecution_And_Before_And_After_Suite.BatchExecution1" name="mi" time="8.358"/>
  <testcase classname="BatchExecution_And_Before_And_After_Suite.BatchExecuion2" name="insta" time="2.095"/>
  <testcase classname="BatchExecution_And_Before_And_After_Suite.BatchExecuion2" name="zomato" time="6.458"/>
</testsuite> <!-- Test -->
