<?xml version="1.0" encoding="UTF-8"?>
<testng-results ignored="0" total="2" passed="2" failed="0" skipped="0">
  <reporter-output>
  </reporter-output>
  <suite started-at="2023-12-15T03:51:21 IST" name="Default suite" finished-at="2023-12-15T03:51:21 IST" duration-ms="41">
    <groups>
    </groups>
    <test started-at="2023-12-15T03:51:21 IST" name="Default test" finished-at="2023-12-15T03:51:21 IST" duration-ms="41">
      <class name="Basic.DataProvider_Test">
        <test-method signature="loginTest(java.lang.String)[pri:0, instance:Basic.DataProvider_Test@15c43bd9]" started-at="2023-12-15T03:51:21 IST" name="loginTest" data-provider="LoginData" finished-at="2023-12-15T03:51:21 IST" duration-ms="7" status="PASS">
          <params>
            <param index="0">
              <value>
                <![CDATA[abc@gmail.com]]>
              </value>
            </param>
          </params>
          <reporter-output>
          </reporter-output>
        </test-method> <!-- loginTest -->
        <test-method signature="loginTest(java.lang.String)[pri:0, instance:Basic.DataProvider_Test@15c43bd9]" started-at="2023-12-15T03:51:21 IST" name="loginTest" data-provider="LoginData" finished-at="2023-12-15T03:51:21 IST" duration-ms="1" status="PASS">
          <params>
            <param index="0">
              <value>
                <![CDATA[xyz@gmail.com]]>
              </value>
            </param>
          </params>
          <reporter-output>
          </reporter-output>
        </test-method> <!-- loginTest -->
      </class> <!-- Basic.DataProvider_Test -->
    </test> <!-- Default test -->
  </suite> <!-- Default suite -->
</testng-results>
